  Envelope.cpp
  Filter.cpp
  Lfo.cpp
  OscGui.cpp
c:\users\j\documents\dev\juce\projects\solosynth\source\SynthSound.h(19): warning C4100: 'midiNoteNumber': unreferenced formal parameter (compiling source file ..\..\Source\Filter.cpp)
c:\users\j\documents\dev\juce\projects\solosynth\source\SynthSound.h(25): warning C4100: 'midiChannel': unreferenced formal parameter (compiling source file ..\..\Source\Filter.cpp)
c:\users\j\documents\dev\juce\projects\solosynth\source\SynthSound.h(19): warning C4100: 'midiNoteNumber': unreferenced formal parameter (compiling source file ..\..\Source\Envelope.cpp)
c:\users\j\documents\dev\juce\projects\solosynth\source\SynthSound.h(25): warning C4100: 'midiChannel': unreferenced formal parameter (compiling source file ..\..\Source\Envelope.cpp)
c:\users\j\documents\dev\juce\projects\solosynth\source\SynthSound.h(19): warning C4100: 'midiNoteNumber': unreferenced formal parameter (compiling source file ..\..\Source\OscGui.cpp)
c:\users\j\documents\dev\juce\projects\solosynth\source\SynthSound.h(25): warning C4100: 'midiChannel': unreferenced formal parameter (compiling source file ..\..\Source\OscGui.cpp)
c:\users\j\documents\dev\juce\projects\solosynth\source\SynthSound.h(19): warning C4100: 'midiNoteNumber': unreferenced formal parameter (compiling source file ..\..\Source\Lfo.cpp)
c:\users\j\documents\dev\juce\projects\solosynth\source\SynthSound.h(25): warning C4100: 'midiChannel': unreferenced formal parameter (compiling source file ..\..\Source\Lfo.cpp)
C:\Users\J\Documents\dev\libraries\C++\Maximilian\maximilian.h(314): warning C4244: '=': conversion from 'double' to 'short', possible loss of data (compiling source file ..\..\Source\Filter.cpp)
C:\Users\J\Documents\dev\libraries\C++\Maximilian\maximilian.h(314): warning C4244: '=': conversion from 'double' to 'short', possible loss of data (compiling source file ..\..\Source\Envelope.cpp)
C:\Users\J\Documents\dev\libraries\C++\Maximilian\maximilian.h(531): warning C4244: 'argument': conversion from 'double' to 'int', possible loss of data (compiling source file ..\..\Source\Filter.cpp)
C:\Users\J\Documents\dev\libraries\C++\Maximilian\maximilian.h(556): warning C4244: 'argument': conversion from 'double' to 'int', possible loss of data (compiling source file ..\..\Source\Filter.cpp)
C:\Users\J\Documents\dev\libraries\C++\Maximilian\maximilian.h(557): warning C4244: 'argument': conversion from 'double' to 'int', possible loss of data (compiling source file ..\..\Source\Filter.cpp)
c:\users\j\documents\dev\juce\projects\solosynth\source\SynthVoice.h(68): warning C4244: '=': conversion from 'float' to 'int', possible loss of data (compiling source file ..\..\Source\Filter.cpp)
c:\users\j\documents\dev\juce\projects\solosynth\source\SynthVoice.h(69): warning C4244: '=': conversion from 'float' to 'int', possible loss of data (compiling source file ..\..\Source\Filter.cpp)
c:\users\j\documents\dev\juce\projects\solosynth\source\SynthVoice.h(77): warning C4244: '=': conversion from 'float' to 'int', possible loss of data (compiling source file ..\..\Source\Filter.cpp)
c:\users\j\documents\dev\juce\projects\solosynth\source\SynthVoice.h(78): warning C4244: '=': conversion from 'float' to 'int', possible loss of data (compiling source file ..\..\Source\Filter.cpp)
c:\users\j\documents\dev\juce\projects\solosynth\source\SynthVoice.h(97): warning C4244: '=': conversion from 'float' to 'int', possible loss of data (compiling source file ..\..\Source\Filter.cpp)
c:\users\j\documents\dev\juce\projects\solosynth\source\SynthVoice.h(101): warning C4244: '=': conversion from 'float' to 'int', possible loss of data (compiling source file ..\..\Source\Filter.cpp)
c:\users\j\documents\dev\juce\projects\solosynth\source\SynthVoice.h(127): warning C4244: '=': conversion from 'double' to 'float', possible loss of data (compiling source file ..\..\Source\Filter.cpp)
c:\users\j\documents\dev\juce\projects\solosynth\source\SynthVoice.h(128): warning C4244: '=': conversion from 'double' to 'float', possible loss of data (compiling source file ..\..\Source\Filter.cpp)
c:\users\j\documents\dev\juce\projects\solosynth\source\SynthVoice.h(129): warning C4244: '=': conversion from 'double' to 'float', possible loss of data (compiling source file ..\..\Source\Filter.cpp)
c:\users\j\documents\dev\juce\projects\solosynth\source\SynthVoice.h(130): warning C4244: '=': conversion from 'double' to 'float', possible loss of data (compiling source file ..\..\Source\Filter.cpp)
c:\users\j\documents\dev\juce\projects\solosynth\source\SynthVoice.h(133): warning C4244: '=': conversion from 'double' to 'float', possible loss of data (compiling source file ..\..\Source\Filter.cpp)
c:\users\j\documents\dev\juce\projects\solosynth\source\SynthVoice.h(134): warning C4244: '=': conversion from 'double' to 'float', possible loss of data (compiling source file ..\..\Source\Filter.cpp)
c:\users\j\documents\dev\juce\projects\solosynth\source\SynthVoice.h(215): warning C4244: 'argument': conversion from 'float' to 'int', possible loss of data (compiling source file ..\..\Source\Filter.cpp)
c:\users\j\documents\dev\juce\projects\solosynth\source\SynthVoice.h(211): warning C4100: 'currentPitchWheelPosition': unreferenced formal parameter (compiling source file ..\..\Source\Filter.cpp)
c:\users\j\documents\dev\juce\projects\solosynth\source\SynthVoice.h(211): warning C4100: 'sound': unreferenced formal parameter (compiling source file ..\..\Source\Filter.cpp)
c:\users\j\documents\dev\juce\projects\solosynth\source\SynthVoice.h(211): warning C4100: 'velocity': unreferenced formal parameter (compiling source file ..\..\Source\Filter.cpp)
c:\users\j\documents\dev\juce\projects\solosynth\source\SynthVoice.h(233): warning C4100: 'newPitchWheelValue': unreferenced formal parameter (compiling source file ..\..\Source\Filter.cpp)
c:\users\j\documents\dev\juce\projects\solosynth\source\SynthVoice.h(240): warning C4100: 'newControllerValue': unreferenced formal parameter (compiling source file ..\..\Source\Filter.cpp)
c:\users\j\documents\dev\juce\projects\solosynth\source\SynthVoice.h(240): warning C4100: 'controllerNumber': unreferenced formal parameter (compiling source file ..\..\Source\Filter.cpp)
c:\users\j\documents\dev\juce\projects\solosynth\source\SynthVoice.h(256): warning C4244: 'argument': conversion from 'double' to 'float', possible loss of data (compiling source file ..\..\Source\Filter.cpp)
C:\Users\J\Documents\dev\libraries\C++\Maximilian\maximilian.h(314): warning C4244: '=': conversion from 'double' to 'short', possible loss of data (compiling source file ..\..\Source\OscGui.cpp)
C:\Users\J\Documents\dev\libraries\C++\Maximilian\maximilian.h(531): warning C4244: 'argument': conversion from 'double' to 'int', possible loss of data (compiling source file ..\..\Source\Envelope.cpp)
C:\Users\J\Documents\dev\libraries\C++\Maximilian\maximilian.h(556): warning C4244: 'argument': conversion from 'double' to 'int', possible loss of data (compiling source file ..\..\Source\Envelope.cpp)
C:\Users\J\Documents\dev\libraries\C++\Maximilian\maximilian.h(557): warning C4244: 'argument': conversion from 'double' to 'int', possible loss of data (compiling source file ..\..\Source\Envelope.cpp)
..\..\Source\Filter.cpp(51): warning C4244: 'argument': conversion from 'int' to 'float', possible loss of data
c:\users\j\documents\dev\juce\projects\solosynth\source\SynthVoice.h(68): warning C4244: '=': conversion from 'float' to 'int', possible loss of data (compiling source file ..\..\Source\Envelope.cpp)
c:\users\j\documents\dev\juce\projects\solosynth\source\SynthVoice.h(69): warning C4244: '=': conversion from 'float' to 'int', possible loss of data (compiling source file ..\..\Source\Envelope.cpp)
c:\users\j\documents\dev\juce\projects\solosynth\source\SynthVoice.h(77): warning C4244: '=': conversion from 'float' to 'int', possible loss of data (compiling source file ..\..\Source\Envelope.cpp)
c:\users\j\documents\dev\juce\projects\solosynth\source\SynthVoice.h(78): warning C4244: '=': conversion from 'float' to 'int', possible loss of data (compiling source file ..\..\Source\Envelope.cpp)
c:\users\j\documents\dev\juce\projects\solosynth\source\SynthVoice.h(97): warning C4244: '=': conversion from 'float' to 'int', possible loss of data (compiling source file ..\..\Source\Envelope.cpp)
c:\users\j\documents\dev\juce\projects\solosynth\source\SynthVoice.h(101): warning C4244: '=': conversion from 'float' to 'int', possible loss of data (compiling source file ..\..\Source\Envelope.cpp)
c:\users\j\documents\dev\juce\projects\solosynth\source\SynthVoice.h(127): warning C4244: '=': conversion from 'double' to 'float', possible loss of data (compiling source file ..\..\Source\Envelope.cpp)
c:\users\j\documents\dev\juce\projects\solosynth\source\SynthVoice.h(128): warning C4244: '=': conversion from 'double' to 'float', possible loss of data (compiling source file ..\..\Source\Envelope.cpp)
c:\users\j\documents\dev\juce\projects\solosynth\source\SynthVoice.h(129): warning C4244: '=': conversion from 'double' to 'float', possible loss of data (compiling source file ..\..\Source\Envelope.cpp)
c:\users\j\documents\dev\juce\projects\solosynth\source\SynthVoice.h(130): warning C4244: '=': conversion from 'double' to 'float', possible loss of data (compiling source file ..\..\Source\Envelope.cpp)
c:\users\j\documents\dev\juce\projects\solosynth\source\SynthVoice.h(133): warning C4244: '=': conversion from 'double' to 'float', possible loss of data (compiling source file ..\..\Source\Envelope.cpp)
c:\users\j\documents\dev\juce\projects\solosynth\source\SynthVoice.h(134): warning C4244: '=': conversion from 'double' to 'float', possible loss of data (compiling source file ..\..\Source\Envelope.cpp)
c:\users\j\documents\dev\juce\projects\solosynth\source\SynthVoice.h(215): warning C4244: 'argument': conversion from 'float' to 'int', possible loss of data (compiling source file ..\..\Source\Envelope.cpp)
c:\users\j\documents\dev\juce\projects\solosynth\source\SynthVoice.h(211): warning C4100: 'currentPitchWheelPosition': unreferenced formal parameter (compiling source file ..\..\Source\Envelope.cpp)
c:\users\j\documents\dev\juce\projects\solosynth\source\SynthVoice.h(211): warning C4100: 'sound': unreferenced formal parameter (compiling source file ..\..\Source\Envelope.cpp)
c:\users\j\documents\dev\juce\projects\solosynth\source\SynthVoice.h(211): warning C4100: 'velocity': unreferenced formal parameter (compiling source file ..\..\Source\Envelope.cpp)
c:\users\j\documents\dev\juce\projects\solosynth\source\SynthVoice.h(233): warning C4100: 'newPitchWheelValue': unreferenced formal parameter (compiling source file ..\..\Source\Envelope.cpp)
c:\users\j\documents\dev\juce\projects\solosynth\source\SynthVoice.h(240): warning C4100: 'newControllerValue': unreferenced formal parameter (compiling source file ..\..\Source\Envelope.cpp)
c:\users\j\documents\dev\juce\projects\solosynth\source\SynthVoice.h(240): warning C4100: 'controllerNumber': unreferenced formal parameter (compiling source file ..\..\Source\Envelope.cpp)
c:\users\j\documents\dev\juce\projects\solosynth\source\SynthVoice.h(256): warning C4244: 'argument': conversion from 'double' to 'float', possible loss of data (compiling source file ..\..\Source\Envelope.cpp)
C:\Users\J\Documents\dev\libraries\C++\Maximilian\maximilian.h(531): warning C4244: 'argument': conversion from 'double' to 'int', possible loss of data (compiling source file ..\..\Source\OscGui.cpp)
C:\Users\J\Documents\dev\libraries\C++\Maximilian\maximilian.h(556): warning C4244: 'argument': conversion from 'double' to 'int', possible loss of data (compiling source file ..\..\Source\OscGui.cpp)
C:\Users\J\Documents\dev\libraries\C++\Maximilian\maximilian.h(557): warning C4244: 'argument': conversion from 'double' to 'int', possible loss of data (compiling source file ..\..\Source\OscGui.cpp)
C:\Users\J\Documents\dev\libraries\C++\Maximilian\maximilian.h(314): warning C4244: '=': conversion from 'double' to 'short', possible loss of data (compiling source file ..\..\Source\Lfo.cpp)
..\..\Source\Envelope.cpp(60): warning C4244: 'argument': conversion from 'int' to 'float', possible loss of data
c:\users\j\documents\dev\juce\projects\solosynth\source\SynthVoice.h(68): warning C4244: '=': conversion from 'float' to 'int', possible loss of data (compiling source file ..\..\Source\OscGui.cpp)
c:\users\j\documents\dev\juce\projects\solosynth\source\SynthVoice.h(69): warning C4244: '=': conversion from 'float' to 'int', possible loss of data (compiling source file ..\..\Source\OscGui.cpp)
c:\users\j\documents\dev\juce\projects\solosynth\source\SynthVoice.h(77): warning C4244: '=': conversion from 'float' to 'int', possible loss of data (compiling source file ..\..\Source\OscGui.cpp)
c:\users\j\documents\dev\juce\projects\solosynth\source\SynthVoice.h(78): warning C4244: '=': conversion from 'float' to 'int', possible loss of data (compiling source file ..\..\Source\OscGui.cpp)
c:\users\j\documents\dev\juce\projects\solosynth\source\SynthVoice.h(97): warning C4244: '=': conversion from 'float' to 'int', possible loss of data (compiling source file ..\..\Source\OscGui.cpp)
c:\users\j\documents\dev\juce\projects\solosynth\source\SynthVoice.h(101): warning C4244: '=': conversion from 'float' to 'int', possible loss of data (compiling source file ..\..\Source\OscGui.cpp)
c:\users\j\documents\dev\juce\projects\solosynth\source\SynthVoice.h(127): warning C4244: '=': conversion from 'double' to 'float', possible loss of data (compiling source file ..\..\Source\OscGui.cpp)
c:\users\j\documents\dev\juce\projects\solosynth\source\SynthVoice.h(128): warning C4244: '=': conversion from 'double' to 'float', possible loss of data (compiling source file ..\..\Source\OscGui.cpp)
c:\users\j\documents\dev\juce\projects\solosynth\source\SynthVoice.h(129): warning C4244: '=': conversion from 'double' to 'float', possible loss of data (compiling source file ..\..\Source\OscGui.cpp)
c:\users\j\documents\dev\juce\projects\solosynth\source\SynthVoice.h(130): warning C4244: '=': conversion from 'double' to 'float', possible loss of data (compiling source file ..\..\Source\OscGui.cpp)
c:\users\j\documents\dev\juce\projects\solosynth\source\SynthVoice.h(133): warning C4244: '=': conversion from 'double' to 'float', possible loss of data (compiling source file ..\..\Source\OscGui.cpp)
c:\users\j\documents\dev\juce\projects\solosynth\source\SynthVoice.h(134): warning C4244: '=': conversion from 'double' to 'float', possible loss of data (compiling source file ..\..\Source\OscGui.cpp)
c:\users\j\documents\dev\juce\projects\solosynth\source\SynthVoice.h(215): warning C4244: 'argument': conversion from 'float' to 'int', possible loss of data (compiling source file ..\..\Source\OscGui.cpp)
c:\users\j\documents\dev\juce\projects\solosynth\source\SynthVoice.h(211): warning C4100: 'currentPitchWheelPosition': unreferenced formal parameter (compiling source file ..\..\Source\OscGui.cpp)
c:\users\j\documents\dev\juce\projects\solosynth\source\SynthVoice.h(211): warning C4100: 'sound': unreferenced formal parameter (compiling source file ..\..\Source\OscGui.cpp)
c:\users\j\documents\dev\juce\projects\solosynth\source\SynthVoice.h(211): warning C4100: 'velocity': unreferenced formal parameter (compiling source file ..\..\Source\OscGui.cpp)
c:\users\j\documents\dev\juce\projects\solosynth\source\SynthVoice.h(233): warning C4100: 'newPitchWheelValue': unreferenced formal parameter (compiling source file ..\..\Source\OscGui.cpp)
c:\users\j\documents\dev\juce\projects\solosynth\source\SynthVoice.h(240): warning C4100: 'newControllerValue': unreferenced formal parameter (compiling source file ..\..\Source\OscGui.cpp)
c:\users\j\documents\dev\juce\projects\solosynth\source\SynthVoice.h(240): warning C4100: 'controllerNumber': unreferenced formal parameter (compiling source file ..\..\Source\OscGui.cpp)
c:\users\j\documents\dev\juce\projects\solosynth\source\SynthVoice.h(256): warning C4244: 'argument': conversion from 'double' to 'float', possible loss of data (compiling source file ..\..\Source\OscGui.cpp)
C:\Users\J\Documents\dev\libraries\C++\Maximilian\maximilian.h(531): warning C4244: 'argument': conversion from 'double' to 'int', possible loss of data (compiling source file ..\..\Source\Lfo.cpp)
C:\Users\J\Documents\dev\libraries\C++\Maximilian\maximilian.h(556): warning C4244: 'argument': conversion from 'double' to 'int', possible loss of data (compiling source file ..\..\Source\Lfo.cpp)
C:\Users\J\Documents\dev\libraries\C++\Maximilian\maximilian.h(557): warning C4244: 'argument': conversion from 'double' to 'int', possible loss of data (compiling source file ..\..\Source\Lfo.cpp)
c:\users\j\documents\dev\juce\projects\solosynth\source\SynthVoice.h(68): warning C4244: '=': conversion from 'float' to 'int', possible loss of data (compiling source file ..\..\Source\Lfo.cpp)
c:\users\j\documents\dev\juce\projects\solosynth\source\SynthVoice.h(69): warning C4244: '=': conversion from 'float' to 'int', possible loss of data (compiling source file ..\..\Source\Lfo.cpp)
c:\users\j\documents\dev\juce\projects\solosynth\source\SynthVoice.h(77): warning C4244: '=': conversion from 'float' to 'int', possible loss of data (compiling source file ..\..\Source\Lfo.cpp)
c:\users\j\documents\dev\juce\projects\solosynth\source\SynthVoice.h(78): warning C4244: '=': conversion from 'float' to 'int', possible loss of data (compiling source file ..\..\Source\Lfo.cpp)
c:\users\j\documents\dev\juce\projects\solosynth\source\SynthVoice.h(97): warning C4244: '=': conversion from 'float' to 'int', possible loss of data (compiling source file ..\..\Source\Lfo.cpp)
c:\users\j\documents\dev\juce\projects\solosynth\source\SynthVoice.h(101): warning C4244: '=': conversion from 'float' to 'int', possible loss of data (compiling source file ..\..\Source\Lfo.cpp)
c:\users\j\documents\dev\juce\projects\solosynth\source\SynthVoice.h(127): warning C4244: '=': conversion from 'double' to 'float', possible loss of data (compiling source file ..\..\Source\Lfo.cpp)
c:\users\j\documents\dev\juce\projects\solosynth\source\SynthVoice.h(128): warning C4244: '=': conversion from 'double' to 'float', possible loss of data (compiling source file ..\..\Source\Lfo.cpp)
c:\users\j\documents\dev\juce\projects\solosynth\source\SynthVoice.h(129): warning C4244: '=': conversion from 'double' to 'float', possible loss of data (compiling source file ..\..\Source\Lfo.cpp)
c:\users\j\documents\dev\juce\projects\solosynth\source\SynthVoice.h(130): warning C4244: '=': conversion from 'double' to 'float', possible loss of data (compiling source file ..\..\Source\Lfo.cpp)
c:\users\j\documents\dev\juce\projects\solosynth\source\SynthVoice.h(133): warning C4244: '=': conversion from 'double' to 'float', possible loss of data (compiling source file ..\..\Source\Lfo.cpp)
c:\users\j\documents\dev\juce\projects\solosynth\source\SynthVoice.h(134): warning C4244: '=': conversion from 'double' to 'float', possible loss of data (compiling source file ..\..\Source\Lfo.cpp)
c:\users\j\documents\dev\juce\projects\solosynth\source\SynthVoice.h(215): warning C4244: 'argument': conversion from 'float' to 'int', possible loss of data (compiling source file ..\..\Source\Lfo.cpp)
c:\users\j\documents\dev\juce\projects\solosynth\source\SynthVoice.h(211): warning C4100: 'currentPitchWheelPosition': unreferenced formal parameter (compiling source file ..\..\Source\Lfo.cpp)
c:\users\j\documents\dev\juce\projects\solosynth\source\SynthVoice.h(211): warning C4100: 'sound': unreferenced formal parameter (compiling source file ..\..\Source\Lfo.cpp)
c:\users\j\documents\dev\juce\projects\solosynth\source\SynthVoice.h(211): warning C4100: 'velocity': unreferenced formal parameter (compiling source file ..\..\Source\Lfo.cpp)
c:\users\j\documents\dev\juce\projects\solosynth\source\SynthVoice.h(233): warning C4100: 'newPitchWheelValue': unreferenced formal parameter (compiling source file ..\..\Source\Lfo.cpp)
c:\users\j\documents\dev\juce\projects\solosynth\source\SynthVoice.h(240): warning C4100: 'newControllerValue': unreferenced formal parameter (compiling source file ..\..\Source\Lfo.cpp)
c:\users\j\documents\dev\juce\projects\solosynth\source\SynthVoice.h(240): warning C4100: 'controllerNumber': unreferenced formal parameter (compiling source file ..\..\Source\Lfo.cpp)
c:\users\j\documents\dev\juce\projects\solosynth\source\SynthVoice.h(256): warning C4244: 'argument': conversion from 'double' to 'float', possible loss of data (compiling source file ..\..\Source\Lfo.cpp)
..\..\Source\Lfo.cpp(51): warning C4244: 'argument': conversion from 'int' to 'float', possible loss of data
  Oscillator.cpp
  PluginEditor.cpp
  PluginProcessor.cpp
c:\users\j\documents\dev\juce\projects\solosynth\source\SynthSound.h(19): warning C4100: 'midiNoteNumber': unreferenced formal parameter (compiling source file ..\..\Source\Oscillator.cpp)
c:\users\j\documents\dev\juce\projects\solosynth\source\SynthSound.h(25): warning C4100: 'midiChannel': unreferenced formal parameter (compiling source file ..\..\Source\Oscillator.cpp)
c:\users\j\documents\dev\juce\projects\solosynth\source\SynthSound.h(19): warning C4100: 'midiNoteNumber': unreferenced formal parameter (compiling source file ..\..\Source\PluginEditor.cpp)
c:\users\j\documents\dev\juce\projects\solosynth\source\SynthSound.h(25): warning C4100: 'midiChannel': unreferenced formal parameter (compiling source file ..\..\Source\PluginEditor.cpp)
c:\users\j\documents\dev\juce\projects\solosynth\source\SynthSound.h(19): warning C4100: 'midiNoteNumber': unreferenced formal parameter (compiling source file ..\..\Source\PluginProcessor.cpp)
c:\users\j\documents\dev\juce\projects\solosynth\source\SynthSound.h(25): warning C4100: 'midiChannel': unreferenced formal parameter (compiling source file ..\..\Source\PluginProcessor.cpp)
C:\Users\J\Documents\dev\libraries\C++\Maximilian\maximilian.h(314): warning C4244: '=': conversion from 'double' to 'short', possible loss of data (compiling source file ..\..\Source\PluginEditor.cpp)
C:\Users\J\Documents\dev\libraries\C++\Maximilian\maximilian.h(531): warning C4244: 'argument': conversion from 'double' to 'int', possible loss of data (compiling source file ..\..\Source\PluginEditor.cpp)
C:\Users\J\Documents\dev\libraries\C++\Maximilian\maximilian.h(556): warning C4244: 'argument': conversion from 'double' to 'int', possible loss of data (compiling source file ..\..\Source\PluginEditor.cpp)
C:\Users\J\Documents\dev\libraries\C++\Maximilian\maximilian.h(557): warning C4244: 'argument': conversion from 'double' to 'int', possible loss of data (compiling source file ..\..\Source\PluginEditor.cpp)
c:\users\j\documents\dev\juce\projects\solosynth\source\SynthVoice.h(68): warning C4244: '=': conversion from 'float' to 'int', possible loss of data (compiling source file ..\..\Source\PluginEditor.cpp)
c:\users\j\documents\dev\juce\projects\solosynth\source\SynthVoice.h(69): warning C4244: '=': conversion from 'float' to 'int', possible loss of data (compiling source file ..\..\Source\PluginEditor.cpp)
c:\users\j\documents\dev\juce\projects\solosynth\source\SynthVoice.h(77): warning C4244: '=': conversion from 'float' to 'int', possible loss of data (compiling source file ..\..\Source\PluginEditor.cpp)
c:\users\j\documents\dev\juce\projects\solosynth\source\SynthVoice.h(78): warning C4244: '=': conversion from 'float' to 'int', possible loss of data (compiling source file ..\..\Source\PluginEditor.cpp)
c:\users\j\documents\dev\juce\projects\solosynth\source\SynthVoice.h(97): warning C4244: '=': conversion from 'float' to 'int', possible loss of data (compiling source file ..\..\Source\PluginEditor.cpp)
c:\users\j\documents\dev\juce\projects\solosynth\source\SynthVoice.h(101): warning C4244: '=': conversion from 'float' to 'int', possible loss of data (compiling source file ..\..\Source\PluginEditor.cpp)
C:\Users\J\Documents\dev\libraries\C++\Maximilian\maximilian.h(314): warning C4244: '=': conversion from 'double' to 'short', possible loss of data (compiling source file ..\..\Source\Oscillator.cpp)
c:\users\j\documents\dev\juce\projects\solosynth\source\SynthVoice.h(127): warning C4244: '=': conversion from 'double' to 'float', possible loss of data (compiling source file ..\..\Source\PluginEditor.cpp)
c:\users\j\documents\dev\juce\projects\solosynth\source\SynthVoice.h(128): warning C4244: '=': conversion from 'double' to 'float', possible loss of data (compiling source file ..\..\Source\PluginEditor.cpp)
c:\users\j\documents\dev\juce\projects\solosynth\source\SynthVoice.h(129): warning C4244: '=': conversion from 'double' to 'float', possible loss of data (compiling source file ..\..\Source\PluginEditor.cpp)
c:\users\j\documents\dev\juce\projects\solosynth\source\SynthVoice.h(130): warning C4244: '=': conversion from 'double' to 'float', possible loss of data (compiling source file ..\..\Source\PluginEditor.cpp)
c:\users\j\documents\dev\juce\projects\solosynth\source\SynthVoice.h(133): warning C4244: '=': conversion from 'double' to 'float', possible loss of data (compiling source file ..\..\Source\PluginEditor.cpp)
c:\users\j\documents\dev\juce\projects\solosynth\source\SynthVoice.h(134): warning C4244: '=': conversion from 'double' to 'float', possible loss of data (compiling source file ..\..\Source\PluginEditor.cpp)
c:\users\j\documents\dev\juce\projects\solosynth\source\SynthVoice.h(215): warning C4244: 'argument': conversion from 'float' to 'int', possible loss of data (compiling source file ..\..\Source\PluginEditor.cpp)
c:\users\j\documents\dev\juce\projects\solosynth\source\SynthVoice.h(211): warning C4100: 'currentPitchWheelPosition': unreferenced formal parameter (compiling source file ..\..\Source\PluginEditor.cpp)
c:\users\j\documents\dev\juce\projects\solosynth\source\SynthVoice.h(211): warning C4100: 'sound': unreferenced formal parameter (compiling source file ..\..\Source\PluginEditor.cpp)
c:\users\j\documents\dev\juce\projects\solosynth\source\SynthVoice.h(211): warning C4100: 'velocity': unreferenced formal parameter (compiling source file ..\..\Source\PluginEditor.cpp)
c:\users\j\documents\dev\juce\projects\solosynth\source\SynthVoice.h(233): warning C4100: 'newPitchWheelValue': unreferenced formal parameter (compiling source file ..\..\Source\PluginEditor.cpp)
c:\users\j\documents\dev\juce\projects\solosynth\source\SynthVoice.h(240): warning C4100: 'newControllerValue': unreferenced formal parameter (compiling source file ..\..\Source\PluginEditor.cpp)
c:\users\j\documents\dev\juce\projects\solosynth\source\SynthVoice.h(240): warning C4100: 'controllerNumber': unreferenced formal parameter (compiling source file ..\..\Source\PluginEditor.cpp)
c:\users\j\documents\dev\juce\projects\solosynth\source\SynthVoice.h(256): warning C4244: 'argument': conversion from 'double' to 'float', possible loss of data (compiling source file ..\..\Source\PluginEditor.cpp)
C:\Users\J\Documents\dev\libraries\C++\Maximilian\maximilian.h(531): warning C4244: 'argument': conversion from 'double' to 'int', possible loss of data (compiling source file ..\..\Source\Oscillator.cpp)
C:\Users\J\Documents\dev\libraries\C++\Maximilian\maximilian.h(556): warning C4244: 'argument': conversion from 'double' to 'int', possible loss of data (compiling source file ..\..\Source\Oscillator.cpp)
C:\Users\J\Documents\dev\libraries\C++\Maximilian\maximilian.h(557): warning C4244: 'argument': conversion from 'double' to 'int', possible loss of data (compiling source file ..\..\Source\Oscillator.cpp)
C:\Users\J\Documents\dev\libraries\C++\Maximilian\maximilian.h(314): warning C4244: '=': conversion from 'double' to 'short', possible loss of data (compiling source file ..\..\Source\PluginProcessor.cpp)
c:\users\j\documents\dev\juce\projects\solosynth\source\SynthVoice.h(68): warning C4244: '=': conversion from 'float' to 'int', possible loss of data (compiling source file ..\..\Source\Oscillator.cpp)
c:\users\j\documents\dev\juce\projects\solosynth\source\SynthVoice.h(69): warning C4244: '=': conversion from 'float' to 'int', possible loss of data (compiling source file ..\..\Source\Oscillator.cpp)
c:\users\j\documents\dev\juce\projects\solosynth\source\SynthVoice.h(77): warning C4244: '=': conversion from 'float' to 'int', possible loss of data (compiling source file ..\..\Source\Oscillator.cpp)
c:\users\j\documents\dev\juce\projects\solosynth\source\SynthVoice.h(78): warning C4244: '=': conversion from 'float' to 'int', possible loss of data (compiling source file ..\..\Source\Oscillator.cpp)
c:\users\j\documents\dev\juce\projects\solosynth\source\SynthVoice.h(97): warning C4244: '=': conversion from 'float' to 'int', possible loss of data (compiling source file ..\..\Source\Oscillator.cpp)
c:\users\j\documents\dev\juce\projects\solosynth\source\SynthVoice.h(101): warning C4244: '=': conversion from 'float' to 'int', possible loss of data (compiling source file ..\..\Source\Oscillator.cpp)
..\..\Source\PluginEditor.cpp(60): warning C4100: 'source': unreferenced formal parameter
..\..\Source\PluginEditor.cpp(67): warning C4100: 'source': unreferenced formal parameter
c:\users\j\documents\dev\juce\projects\solosynth\source\SynthVoice.h(127): warning C4244: '=': conversion from 'double' to 'float', possible loss of data (compiling source file ..\..\Source\Oscillator.cpp)
c:\users\j\documents\dev\juce\projects\solosynth\source\SynthVoice.h(128): warning C4244: '=': conversion from 'double' to 'float', possible loss of data (compiling source file ..\..\Source\Oscillator.cpp)
c:\users\j\documents\dev\juce\projects\solosynth\source\SynthVoice.h(129): warning C4244: '=': conversion from 'double' to 'float', possible loss of data (compiling source file ..\..\Source\Oscillator.cpp)
c:\users\j\documents\dev\juce\projects\solosynth\source\SynthVoice.h(130): warning C4244: '=': conversion from 'double' to 'float', possible loss of data (compiling source file ..\..\Source\Oscillator.cpp)
c:\users\j\documents\dev\juce\projects\solosynth\source\SynthVoice.h(133): warning C4244: '=': conversion from 'double' to 'float', possible loss of data (compiling source file ..\..\Source\Oscillator.cpp)
c:\users\j\documents\dev\juce\projects\solosynth\source\SynthVoice.h(134): warning C4244: '=': conversion from 'double' to 'float', possible loss of data (compiling source file ..\..\Source\Oscillator.cpp)
c:\users\j\documents\dev\juce\projects\solosynth\source\SynthVoice.h(215): warning C4244: 'argument': conversion from 'float' to 'int', possible loss of data (compiling source file ..\..\Source\Oscillator.cpp)
c:\users\j\documents\dev\juce\projects\solosynth\source\SynthVoice.h(211): warning C4100: 'currentPitchWheelPosition': unreferenced formal parameter (compiling source file ..\..\Source\Oscillator.cpp)
c:\users\j\documents\dev\juce\projects\solosynth\source\SynthVoice.h(211): warning C4100: 'sound': unreferenced formal parameter (compiling source file ..\..\Source\Oscillator.cpp)
c:\users\j\documents\dev\juce\projects\solosynth\source\SynthVoice.h(211): warning C4100: 'velocity': unreferenced formal parameter (compiling source file ..\..\Source\Oscillator.cpp)
c:\users\j\documents\dev\juce\projects\solosynth\source\SynthVoice.h(233): warning C4100: 'newPitchWheelValue': unreferenced formal parameter (compiling source file ..\..\Source\Oscillator.cpp)
c:\users\j\documents\dev\juce\projects\solosynth\source\SynthVoice.h(240): warning C4100: 'newControllerValue': unreferenced formal parameter (compiling source file ..\..\Source\Oscillator.cpp)
c:\users\j\documents\dev\juce\projects\solosynth\source\SynthVoice.h(240): warning C4100: 'controllerNumber': unreferenced formal parameter (compiling source file ..\..\Source\Oscillator.cpp)
c:\users\j\documents\dev\juce\projects\solosynth\source\SynthVoice.h(256): warning C4244: 'argument': conversion from 'double' to 'float', possible loss of data (compiling source file ..\..\Source\Oscillator.cpp)
C:\Users\J\Documents\dev\libraries\C++\Maximilian\maximilian.h(531): warning C4244: 'argument': conversion from 'double' to 'int', possible loss of data (compiling source file ..\..\Source\PluginProcessor.cpp)
C:\Users\J\Documents\dev\libraries\C++\Maximilian\maximilian.h(556): warning C4244: 'argument': conversion from 'double' to 'int', possible loss of data (compiling source file ..\..\Source\PluginProcessor.cpp)
C:\Users\J\Documents\dev\libraries\C++\Maximilian\maximilian.h(557): warning C4244: 'argument': conversion from 'double' to 'int', possible loss of data (compiling source file ..\..\Source\PluginProcessor.cpp)
c:\users\j\documents\dev\juce\projects\solosynth\source\SynthVoice.h(68): warning C4244: '=': conversion from 'float' to 'int', possible loss of data (compiling source file ..\..\Source\PluginProcessor.cpp)
c:\users\j\documents\dev\juce\projects\solosynth\source\SynthVoice.h(69): warning C4244: '=': conversion from 'float' to 'int', possible loss of data (compiling source file ..\..\Source\PluginProcessor.cpp)
c:\users\j\documents\dev\juce\projects\solosynth\source\SynthVoice.h(77): warning C4244: '=': conversion from 'float' to 'int', possible loss of data (compiling source file ..\..\Source\PluginProcessor.cpp)
c:\users\j\documents\dev\juce\projects\solosynth\source\SynthVoice.h(78): warning C4244: '=': conversion from 'float' to 'int', possible loss of data (compiling source file ..\..\Source\PluginProcessor.cpp)
c:\users\j\documents\dev\juce\projects\solosynth\source\SynthVoice.h(97): warning C4244: '=': conversion from 'float' to 'int', possible loss of data (compiling source file ..\..\Source\PluginProcessor.cpp)
c:\users\j\documents\dev\juce\projects\solosynth\source\SynthVoice.h(101): warning C4244: '=': conversion from 'float' to 'int', possible loss of data (compiling source file ..\..\Source\PluginProcessor.cpp)
c:\users\j\documents\dev\juce\projects\solosynth\source\SynthVoice.h(127): warning C4244: '=': conversion from 'double' to 'float', possible loss of data (compiling source file ..\..\Source\PluginProcessor.cpp)
c:\users\j\documents\dev\juce\projects\solosynth\source\SynthVoice.h(128): warning C4244: '=': conversion from 'double' to 'float', possible loss of data (compiling source file ..\..\Source\PluginProcessor.cpp)
c:\users\j\documents\dev\juce\projects\solosynth\source\SynthVoice.h(129): warning C4244: '=': conversion from 'double' to 'float', possible loss of data (compiling source file ..\..\Source\PluginProcessor.cpp)
c:\users\j\documents\dev\juce\projects\solosynth\source\SynthVoice.h(130): warning C4244: '=': conversion from 'double' to 'float', possible loss of data (compiling source file ..\..\Source\PluginProcessor.cpp)
c:\users\j\documents\dev\juce\projects\solosynth\source\SynthVoice.h(133): warning C4244: '=': conversion from 'double' to 'float', possible loss of data (compiling source file ..\..\Source\PluginProcessor.cpp)
c:\users\j\documents\dev\juce\projects\solosynth\source\SynthVoice.h(134): warning C4244: '=': conversion from 'double' to 'float', possible loss of data (compiling source file ..\..\Source\PluginProcessor.cpp)
c:\users\j\documents\dev\juce\projects\solosynth\source\SynthVoice.h(215): warning C4244: 'argument': conversion from 'float' to 'int', possible loss of data (compiling source file ..\..\Source\PluginProcessor.cpp)
c:\users\j\documents\dev\juce\projects\solosynth\source\SynthVoice.h(211): warning C4100: 'currentPitchWheelPosition': unreferenced formal parameter (compiling source file ..\..\Source\PluginProcessor.cpp)
c:\users\j\documents\dev\juce\projects\solosynth\source\SynthVoice.h(211): warning C4100: 'sound': unreferenced formal parameter (compiling source file ..\..\Source\PluginProcessor.cpp)
c:\users\j\documents\dev\juce\projects\solosynth\source\SynthVoice.h(211): warning C4100: 'velocity': unreferenced formal parameter (compiling source file ..\..\Source\PluginProcessor.cpp)
c:\users\j\documents\dev\juce\projects\solosynth\source\SynthVoice.h(233): warning C4100: 'newPitchWheelValue': unreferenced formal parameter (compiling source file ..\..\Source\PluginProcessor.cpp)
c:\users\j\documents\dev\juce\projects\solosynth\source\SynthVoice.h(240): warning C4100: 'newControllerValue': unreferenced formal parameter (compiling source file ..\..\Source\PluginProcessor.cpp)
c:\users\j\documents\dev\juce\projects\solosynth\source\SynthVoice.h(240): warning C4100: 'controllerNumber': unreferenced formal parameter (compiling source file ..\..\Source\PluginProcessor.cpp)
c:\users\j\documents\dev\juce\projects\solosynth\source\SynthVoice.h(256): warning C4244: 'argument': conversion from 'double' to 'float', possible loss of data (compiling source file ..\..\Source\PluginProcessor.cpp)
..\..\Source\PluginProcessor.cpp(99): warning C4100: 'index': unreferenced formal parameter
..\..\Source\PluginProcessor.cpp(103): warning C4100: 'index': unreferenced formal parameter
..\..\Source\PluginProcessor.cpp(108): warning C4100: 'newName': unreferenced formal parameter
..\..\Source\PluginProcessor.cpp(108): warning C4100: 'index': unreferenced formal parameter
..\..\Source\PluginProcessor.cpp(193): warning C4100: 'destData': unreferenced formal parameter
..\..\Source\PluginProcessor.cpp(200): warning C4100: 'sizeInBytes': unreferenced formal parameter
..\..\Source\PluginProcessor.cpp(200): warning C4100: 'data': unreferenced formal parameter
c:\users\j\documents\dev\juce\projects\solosynth\source\pluginprocessor.cpp(162): warning C4706: assignment within conditional expression
c:\users\j\documents\dev\juce\projects\solosynth\source\synthvoice.h(227): warning C4706: assignment within conditional expression
maxiGrains.obj : warning LNK4221: This object file does not define any previously undefined public symbols, so it will not be used by any link operation that consumes this library
maxiBark.obj : warning LNK4221: This object file does not define any previously undefined public symbols, so it will not be used by any link operation that consumes this library
  soloSynth_SharedCode.vcxproj -> C:\Users\J\Documents\dev\juce\projects\soloSynth\Builds\VisualStudio2015\x64\Debug\Shared Code\soloSynth.lib
