  include_juce_audio_basics.cpp
  include_juce_audio_devices.cpp
  include_juce_audio_formats.cpp
  include_juce_audio_plugin_client_utils.cpp
  include_juce_audio_processors.cpp
  include_juce_audio_utils.cpp
  include_juce_core.cpp
  include_juce_data_structures.cpp
  include_juce_events.cpp
  include_juce_graphics.cpp
  include_juce_gui_basics.cpp
  include_juce_gui_extra.cpp
  PluginEditor.cpp
  PluginProcessor.cpp
..\..\Source\PluginProcessor.cpp(91): warning C4100: 'index': unreferenced formal parameter
..\..\Source\PluginProcessor.cpp(95): warning C4100: 'index': unreferenced formal parameter
..\..\Source\PluginProcessor.cpp(100): warning C4100: 'newName': unreferenced formal parameter
..\..\Source\PluginProcessor.cpp(100): warning C4100: 'index': unreferenced formal parameter
..\..\Source\PluginProcessor.cpp(109): warning C4244: '=': conversion from 'double' to 'float', possible loss of data
..\..\Source\PluginProcessor.cpp(105): warning C4100: 'samplesPerBlock': unreferenced formal parameter
..\..\Source\PluginProcessor.cpp(147): warning C4244: '=': conversion from 'double' to 'float', possible loss of data
..\..\Source\PluginProcessor.cpp(149): warning C4244: '+=': conversion from 'double' to 'float', possible loss of data
..\..\Source\PluginProcessor.cpp(143): warning C4100: 'midiMessages': unreferenced formal parameter
..\..\Source\PluginProcessor.cpp(198): warning C4100: 'destData': unreferenced formal parameter
..\..\Source\PluginProcessor.cpp(205): warning C4100: 'sizeInBytes': unreferenced formal parameter
..\..\Source\PluginProcessor.cpp(205): warning C4100: 'data': unreferenced formal parameter
  Pannerama_SharedCode.vcxproj -> C:\Users\J\Documents\dev\juce\projects\Pannerama\Builds\VisualStudio2015\x64\Debug\Shared Code\Pannerama.lib
