  Envelope.cpp
  Filter.cpp
  Lfo.cpp
  OscGui.cpp
c:\users\j\documents\dev\juce\projects\dualoscsynth\source\SynthSound.h(19): warning C4100: 'midiNoteNumber': unreferenced formal parameter (compiling source file ..\..\Source\Lfo.cpp)
c:\users\j\documents\dev\juce\projects\dualoscsynth\source\SynthSound.h(25): warning C4100: 'midiChannel': unreferenced formal parameter (compiling source file ..\..\Source\Lfo.cpp)
c:\users\j\documents\dev\juce\projects\dualoscsynth\source\SynthVoice.h(72): warning C4244: '=': conversion from 'float' to 'int', possible loss of data (compiling source file ..\..\Source\Lfo.cpp)
c:\users\j\documents\dev\juce\projects\dualoscsynth\source\SynthVoice.h(73): warning C4244: '=': conversion from 'float' to 'int', possible loss of data (compiling source file ..\..\Source\Lfo.cpp)
c:\users\j\documents\dev\juce\projects\dualoscsynth\source\SynthVoice.h(81): warning C4244: '=': conversion from 'float' to 'int', possible loss of data (compiling source file ..\..\Source\Lfo.cpp)
c:\users\j\documents\dev\juce\projects\dualoscsynth\source\SynthVoice.h(82): warning C4244: '=': conversion from 'float' to 'int', possible loss of data (compiling source file ..\..\Source\Lfo.cpp)
c:\users\j\documents\dev\juce\projects\dualoscsynth\source\SynthVoice.h(101): warning C4244: '=': conversion from 'float' to 'int', possible loss of data (compiling source file ..\..\Source\Lfo.cpp)
c:\users\j\documents\dev\juce\projects\dualoscsynth\source\SynthVoice.h(105): warning C4244: '=': conversion from 'float' to 'int', possible loss of data (compiling source file ..\..\Source\Lfo.cpp)
c:\users\j\documents\dev\juce\projects\dualoscsynth\source\SynthVoice.h(131): warning C4244: '=': conversion from 'double' to 'float', possible loss of data (compiling source file ..\..\Source\Lfo.cpp)
c:\users\j\documents\dev\juce\projects\dualoscsynth\source\SynthVoice.h(132): warning C4244: '=': conversion from 'double' to 'float', possible loss of data (compiling source file ..\..\Source\Lfo.cpp)
c:\users\j\documents\dev\juce\projects\dualoscsynth\source\SynthVoice.h(133): warning C4244: '=': conversion from 'double' to 'float', possible loss of data (compiling source file ..\..\Source\Lfo.cpp)
c:\users\j\documents\dev\juce\projects\dualoscsynth\source\SynthVoice.h(134): warning C4244: '=': conversion from 'double' to 'float', possible loss of data (compiling source file ..\..\Source\Lfo.cpp)
c:\users\j\documents\dev\juce\projects\dualoscsynth\source\SynthVoice.h(137): warning C4244: '=': conversion from 'double' to 'float', possible loss of data (compiling source file ..\..\Source\Lfo.cpp)
c:\users\j\documents\dev\juce\projects\dualoscsynth\source\SynthVoice.h(138): warning C4244: '=': conversion from 'double' to 'float', possible loss of data (compiling source file ..\..\Source\Lfo.cpp)
c:\users\j\documents\dev\juce\projects\dualoscsynth\source\SynthVoice.h(228): warning C4244: 'argument': conversion from 'float' to 'int', possible loss of data (compiling source file ..\..\Source\Lfo.cpp)
c:\users\j\documents\dev\juce\projects\dualoscsynth\source\SynthVoice.h(224): warning C4100: 'currentPitchWheelPosition': unreferenced formal parameter (compiling source file ..\..\Source\Lfo.cpp)
c:\users\j\documents\dev\juce\projects\dualoscsynth\source\SynthVoice.h(224): warning C4100: 'sound': unreferenced formal parameter (compiling source file ..\..\Source\Lfo.cpp)
c:\users\j\documents\dev\juce\projects\dualoscsynth\source\SynthVoice.h(224): warning C4100: 'velocity': unreferenced formal parameter (compiling source file ..\..\Source\Lfo.cpp)
c:\users\j\documents\dev\juce\projects\dualoscsynth\source\SynthVoice.h(246): warning C4100: 'newPitchWheelValue': unreferenced formal parameter (compiling source file ..\..\Source\Lfo.cpp)
c:\users\j\documents\dev\juce\projects\dualoscsynth\source\SynthVoice.h(253): warning C4100: 'newControllerValue': unreferenced formal parameter (compiling source file ..\..\Source\Lfo.cpp)
c:\users\j\documents\dev\juce\projects\dualoscsynth\source\SynthVoice.h(253): warning C4100: 'controllerNumber': unreferenced formal parameter (compiling source file ..\..\Source\Lfo.cpp)
c:\users\j\documents\dev\juce\projects\dualoscsynth\source\SynthVoice.h(269): warning C4244: 'argument': conversion from 'double' to 'float', possible loss of data (compiling source file ..\..\Source\Lfo.cpp)
c:\users\j\documents\dev\juce\projects\dualoscsynth\source\SynthSound.h(19): warning C4100: 'midiNoteNumber': unreferenced formal parameter (compiling source file ..\..\Source\OscGui.cpp)
c:\users\j\documents\dev\juce\projects\dualoscsynth\source\SynthSound.h(25): warning C4100: 'midiChannel': unreferenced formal parameter (compiling source file ..\..\Source\OscGui.cpp)
c:\users\j\documents\dev\juce\projects\dualoscsynth\source\SynthVoice.h(72): warning C4244: '=': conversion from 'float' to 'int', possible loss of data (compiling source file ..\..\Source\OscGui.cpp)
c:\users\j\documents\dev\juce\projects\dualoscsynth\source\SynthVoice.h(73): warning C4244: '=': conversion from 'float' to 'int', possible loss of data (compiling source file ..\..\Source\OscGui.cpp)
c:\users\j\documents\dev\juce\projects\dualoscsynth\source\SynthVoice.h(81): warning C4244: '=': conversion from 'float' to 'int', possible loss of data (compiling source file ..\..\Source\OscGui.cpp)
c:\users\j\documents\dev\juce\projects\dualoscsynth\source\SynthVoice.h(82): warning C4244: '=': conversion from 'float' to 'int', possible loss of data (compiling source file ..\..\Source\OscGui.cpp)
c:\users\j\documents\dev\juce\projects\dualoscsynth\source\SynthVoice.h(101): warning C4244: '=': conversion from 'float' to 'int', possible loss of data (compiling source file ..\..\Source\OscGui.cpp)
c:\users\j\documents\dev\juce\projects\dualoscsynth\source\SynthVoice.h(105): warning C4244: '=': conversion from 'float' to 'int', possible loss of data (compiling source file ..\..\Source\OscGui.cpp)
c:\users\j\documents\dev\juce\projects\dualoscsynth\source\SynthVoice.h(131): warning C4244: '=': conversion from 'double' to 'float', possible loss of data (compiling source file ..\..\Source\OscGui.cpp)
c:\users\j\documents\dev\juce\projects\dualoscsynth\source\SynthVoice.h(132): warning C4244: '=': conversion from 'double' to 'float', possible loss of data (compiling source file ..\..\Source\OscGui.cpp)
c:\users\j\documents\dev\juce\projects\dualoscsynth\source\SynthVoice.h(133): warning C4244: '=': conversion from 'double' to 'float', possible loss of data (compiling source file ..\..\Source\OscGui.cpp)
c:\users\j\documents\dev\juce\projects\dualoscsynth\source\SynthVoice.h(134): warning C4244: '=': conversion from 'double' to 'float', possible loss of data (compiling source file ..\..\Source\OscGui.cpp)
c:\users\j\documents\dev\juce\projects\dualoscsynth\source\SynthVoice.h(137): warning C4244: '=': conversion from 'double' to 'float', possible loss of data (compiling source file ..\..\Source\OscGui.cpp)
c:\users\j\documents\dev\juce\projects\dualoscsynth\source\SynthVoice.h(138): warning C4244: '=': conversion from 'double' to 'float', possible loss of data (compiling source file ..\..\Source\OscGui.cpp)
..\..\Source\Lfo.cpp(51): warning C4244: 'argument': conversion from 'int' to 'float', possible loss of data
c:\users\j\documents\dev\juce\projects\dualoscsynth\source\SynthVoice.h(228): warning C4244: 'argument': conversion from 'float' to 'int', possible loss of data (compiling source file ..\..\Source\OscGui.cpp)
c:\users\j\documents\dev\juce\projects\dualoscsynth\source\SynthVoice.h(224): warning C4100: 'currentPitchWheelPosition': unreferenced formal parameter (compiling source file ..\..\Source\OscGui.cpp)
c:\users\j\documents\dev\juce\projects\dualoscsynth\source\SynthVoice.h(224): warning C4100: 'sound': unreferenced formal parameter (compiling source file ..\..\Source\OscGui.cpp)
c:\users\j\documents\dev\juce\projects\dualoscsynth\source\SynthVoice.h(224): warning C4100: 'velocity': unreferenced formal parameter (compiling source file ..\..\Source\OscGui.cpp)
c:\users\j\documents\dev\juce\projects\dualoscsynth\source\SynthVoice.h(246): warning C4100: 'newPitchWheelValue': unreferenced formal parameter (compiling source file ..\..\Source\OscGui.cpp)
c:\users\j\documents\dev\juce\projects\dualoscsynth\source\SynthVoice.h(253): warning C4100: 'newControllerValue': unreferenced formal parameter (compiling source file ..\..\Source\OscGui.cpp)
c:\users\j\documents\dev\juce\projects\dualoscsynth\source\SynthVoice.h(253): warning C4100: 'controllerNumber': unreferenced formal parameter (compiling source file ..\..\Source\OscGui.cpp)
c:\users\j\documents\dev\juce\projects\dualoscsynth\source\SynthVoice.h(269): warning C4244: 'argument': conversion from 'double' to 'float', possible loss of data (compiling source file ..\..\Source\OscGui.cpp)
c:\users\j\documents\dev\juce\projects\dualoscsynth\source\SynthSound.h(19): warning C4100: 'midiNoteNumber': unreferenced formal parameter (compiling source file ..\..\Source\Filter.cpp)
c:\users\j\documents\dev\juce\projects\dualoscsynth\source\SynthSound.h(25): warning C4100: 'midiChannel': unreferenced formal parameter (compiling source file ..\..\Source\Filter.cpp)
c:\users\j\documents\dev\juce\projects\dualoscsynth\source\SynthVoice.h(72): warning C4244: '=': conversion from 'float' to 'int', possible loss of data (compiling source file ..\..\Source\Filter.cpp)
c:\users\j\documents\dev\juce\projects\dualoscsynth\source\SynthVoice.h(73): warning C4244: '=': conversion from 'float' to 'int', possible loss of data (compiling source file ..\..\Source\Filter.cpp)
c:\users\j\documents\dev\juce\projects\dualoscsynth\source\SynthVoice.h(81): warning C4244: '=': conversion from 'float' to 'int', possible loss of data (compiling source file ..\..\Source\Filter.cpp)
c:\users\j\documents\dev\juce\projects\dualoscsynth\source\SynthVoice.h(82): warning C4244: '=': conversion from 'float' to 'int', possible loss of data (compiling source file ..\..\Source\Filter.cpp)
c:\users\j\documents\dev\juce\projects\dualoscsynth\source\SynthVoice.h(101): warning C4244: '=': conversion from 'float' to 'int', possible loss of data (compiling source file ..\..\Source\Filter.cpp)
c:\users\j\documents\dev\juce\projects\dualoscsynth\source\SynthVoice.h(105): warning C4244: '=': conversion from 'float' to 'int', possible loss of data (compiling source file ..\..\Source\Filter.cpp)
c:\users\j\documents\dev\juce\projects\dualoscsynth\source\SynthVoice.h(131): warning C4244: '=': conversion from 'double' to 'float', possible loss of data (compiling source file ..\..\Source\Filter.cpp)
c:\users\j\documents\dev\juce\projects\dualoscsynth\source\SynthVoice.h(132): warning C4244: '=': conversion from 'double' to 'float', possible loss of data (compiling source file ..\..\Source\Filter.cpp)
c:\users\j\documents\dev\juce\projects\dualoscsynth\source\SynthVoice.h(133): warning C4244: '=': conversion from 'double' to 'float', possible loss of data (compiling source file ..\..\Source\Filter.cpp)
c:\users\j\documents\dev\juce\projects\dualoscsynth\source\SynthVoice.h(134): warning C4244: '=': conversion from 'double' to 'float', possible loss of data (compiling source file ..\..\Source\Filter.cpp)
c:\users\j\documents\dev\juce\projects\dualoscsynth\source\SynthVoice.h(137): warning C4244: '=': conversion from 'double' to 'float', possible loss of data (compiling source file ..\..\Source\Filter.cpp)
c:\users\j\documents\dev\juce\projects\dualoscsynth\source\SynthVoice.h(138): warning C4244: '=': conversion from 'double' to 'float', possible loss of data (compiling source file ..\..\Source\Filter.cpp)
c:\users\j\documents\dev\juce\projects\dualoscsynth\source\SynthVoice.h(228): warning C4244: 'argument': conversion from 'float' to 'int', possible loss of data (compiling source file ..\..\Source\Filter.cpp)
c:\users\j\documents\dev\juce\projects\dualoscsynth\source\SynthVoice.h(224): warning C4100: 'currentPitchWheelPosition': unreferenced formal parameter (compiling source file ..\..\Source\Filter.cpp)
c:\users\j\documents\dev\juce\projects\dualoscsynth\source\SynthVoice.h(224): warning C4100: 'sound': unreferenced formal parameter (compiling source file ..\..\Source\Filter.cpp)
c:\users\j\documents\dev\juce\projects\dualoscsynth\source\SynthVoice.h(224): warning C4100: 'velocity': unreferenced formal parameter (compiling source file ..\..\Source\Filter.cpp)
c:\users\j\documents\dev\juce\projects\dualoscsynth\source\SynthVoice.h(246): warning C4100: 'newPitchWheelValue': unreferenced formal parameter (compiling source file ..\..\Source\Filter.cpp)
c:\users\j\documents\dev\juce\projects\dualoscsynth\source\SynthVoice.h(253): warning C4100: 'newControllerValue': unreferenced formal parameter (compiling source file ..\..\Source\Filter.cpp)
c:\users\j\documents\dev\juce\projects\dualoscsynth\source\SynthVoice.h(253): warning C4100: 'controllerNumber': unreferenced formal parameter (compiling source file ..\..\Source\Filter.cpp)
c:\users\j\documents\dev\juce\projects\dualoscsynth\source\SynthVoice.h(269): warning C4244: 'argument': conversion from 'double' to 'float', possible loss of data (compiling source file ..\..\Source\Filter.cpp)
..\..\Source\Filter.cpp(51): warning C4244: 'argument': conversion from 'int' to 'float', possible loss of data
c:\users\j\documents\dev\juce\projects\dualoscsynth\source\SynthSound.h(19): warning C4100: 'midiNoteNumber': unreferenced formal parameter (compiling source file ..\..\Source\Envelope.cpp)
c:\users\j\documents\dev\juce\projects\dualoscsynth\source\SynthSound.h(25): warning C4100: 'midiChannel': unreferenced formal parameter (compiling source file ..\..\Source\Envelope.cpp)
c:\users\j\documents\dev\juce\projects\dualoscsynth\source\SynthVoice.h(72): warning C4244: '=': conversion from 'float' to 'int', possible loss of data (compiling source file ..\..\Source\Envelope.cpp)
c:\users\j\documents\dev\juce\projects\dualoscsynth\source\SynthVoice.h(73): warning C4244: '=': conversion from 'float' to 'int', possible loss of data (compiling source file ..\..\Source\Envelope.cpp)
c:\users\j\documents\dev\juce\projects\dualoscsynth\source\SynthVoice.h(81): warning C4244: '=': conversion from 'float' to 'int', possible loss of data (compiling source file ..\..\Source\Envelope.cpp)
c:\users\j\documents\dev\juce\projects\dualoscsynth\source\SynthVoice.h(82): warning C4244: '=': conversion from 'float' to 'int', possible loss of data (compiling source file ..\..\Source\Envelope.cpp)
c:\users\j\documents\dev\juce\projects\dualoscsynth\source\SynthVoice.h(101): warning C4244: '=': conversion from 'float' to 'int', possible loss of data (compiling source file ..\..\Source\Envelope.cpp)
c:\users\j\documents\dev\juce\projects\dualoscsynth\source\SynthVoice.h(105): warning C4244: '=': conversion from 'float' to 'int', possible loss of data (compiling source file ..\..\Source\Envelope.cpp)
c:\users\j\documents\dev\juce\projects\dualoscsynth\source\SynthVoice.h(131): warning C4244: '=': conversion from 'double' to 'float', possible loss of data (compiling source file ..\..\Source\Envelope.cpp)
c:\users\j\documents\dev\juce\projects\dualoscsynth\source\SynthVoice.h(132): warning C4244: '=': conversion from 'double' to 'float', possible loss of data (compiling source file ..\..\Source\Envelope.cpp)
c:\users\j\documents\dev\juce\projects\dualoscsynth\source\SynthVoice.h(133): warning C4244: '=': conversion from 'double' to 'float', possible loss of data (compiling source file ..\..\Source\Envelope.cpp)
c:\users\j\documents\dev\juce\projects\dualoscsynth\source\SynthVoice.h(134): warning C4244: '=': conversion from 'double' to 'float', possible loss of data (compiling source file ..\..\Source\Envelope.cpp)
c:\users\j\documents\dev\juce\projects\dualoscsynth\source\SynthVoice.h(137): warning C4244: '=': conversion from 'double' to 'float', possible loss of data (compiling source file ..\..\Source\Envelope.cpp)
c:\users\j\documents\dev\juce\projects\dualoscsynth\source\SynthVoice.h(138): warning C4244: '=': conversion from 'double' to 'float', possible loss of data (compiling source file ..\..\Source\Envelope.cpp)
c:\users\j\documents\dev\juce\projects\dualoscsynth\source\SynthVoice.h(228): warning C4244: 'argument': conversion from 'float' to 'int', possible loss of data (compiling source file ..\..\Source\Envelope.cpp)
c:\users\j\documents\dev\juce\projects\dualoscsynth\source\SynthVoice.h(224): warning C4100: 'currentPitchWheelPosition': unreferenced formal parameter (compiling source file ..\..\Source\Envelope.cpp)
c:\users\j\documents\dev\juce\projects\dualoscsynth\source\SynthVoice.h(224): warning C4100: 'sound': unreferenced formal parameter (compiling source file ..\..\Source\Envelope.cpp)
c:\users\j\documents\dev\juce\projects\dualoscsynth\source\SynthVoice.h(224): warning C4100: 'velocity': unreferenced formal parameter (compiling source file ..\..\Source\Envelope.cpp)
c:\users\j\documents\dev\juce\projects\dualoscsynth\source\SynthVoice.h(246): warning C4100: 'newPitchWheelValue': unreferenced formal parameter (compiling source file ..\..\Source\Envelope.cpp)
c:\users\j\documents\dev\juce\projects\dualoscsynth\source\SynthVoice.h(253): warning C4100: 'newControllerValue': unreferenced formal parameter (compiling source file ..\..\Source\Envelope.cpp)
c:\users\j\documents\dev\juce\projects\dualoscsynth\source\SynthVoice.h(253): warning C4100: 'controllerNumber': unreferenced formal parameter (compiling source file ..\..\Source\Envelope.cpp)
c:\users\j\documents\dev\juce\projects\dualoscsynth\source\SynthVoice.h(269): warning C4244: 'argument': conversion from 'double' to 'float', possible loss of data (compiling source file ..\..\Source\Envelope.cpp)
..\..\Source\Envelope.cpp(60): warning C4244: 'argument': conversion from 'int' to 'float', possible loss of data
  Oscillator.cpp
  PluginEditor.cpp
  PluginProcessor.cpp
c:\users\j\documents\dev\juce\projects\dualoscsynth\source\SynthSound.h(19): warning C4100: 'midiNoteNumber': unreferenced formal parameter (compiling source file ..\..\Source\Oscillator.cpp)
c:\users\j\documents\dev\juce\projects\dualoscsynth\source\SynthSound.h(25): warning C4100: 'midiChannel': unreferenced formal parameter (compiling source file ..\..\Source\Oscillator.cpp)
c:\users\j\documents\dev\juce\projects\dualoscsynth\source\SynthSound.h(19): warning C4100: 'midiNoteNumber': unreferenced formal parameter (compiling source file ..\..\Source\PluginEditor.cpp)
c:\users\j\documents\dev\juce\projects\dualoscsynth\source\SynthSound.h(25): warning C4100: 'midiChannel': unreferenced formal parameter (compiling source file ..\..\Source\PluginEditor.cpp)
c:\users\j\documents\dev\juce\projects\dualoscsynth\source\SynthVoice.h(72): warning C4244: '=': conversion from 'float' to 'int', possible loss of data (compiling source file ..\..\Source\Oscillator.cpp)
c:\users\j\documents\dev\juce\projects\dualoscsynth\source\SynthVoice.h(72): warning C4244: '=': conversion from 'float' to 'int', possible loss of data (compiling source file ..\..\Source\PluginEditor.cpp)
c:\users\j\documents\dev\juce\projects\dualoscsynth\source\SynthVoice.h(73): warning C4244: '=': conversion from 'float' to 'int', possible loss of data (compiling source file ..\..\Source\Oscillator.cpp)
c:\users\j\documents\dev\juce\projects\dualoscsynth\source\SynthVoice.h(73): warning C4244: '=': conversion from 'float' to 'int', possible loss of data (compiling source file ..\..\Source\PluginEditor.cpp)
c:\users\j\documents\dev\juce\projects\dualoscsynth\source\SynthVoice.h(81): warning C4244: '=': conversion from 'float' to 'int', possible loss of data (compiling source file ..\..\Source\Oscillator.cpp)
c:\users\j\documents\dev\juce\projects\dualoscsynth\source\SynthVoice.h(81): warning C4244: '=': conversion from 'float' to 'int', possible loss of data (compiling source file ..\..\Source\PluginEditor.cpp)
c:\users\j\documents\dev\juce\projects\dualoscsynth\source\SynthVoice.h(82): warning C4244: '=': conversion from 'float' to 'int', possible loss of data (compiling source file ..\..\Source\Oscillator.cpp)
c:\users\j\documents\dev\juce\projects\dualoscsynth\source\SynthVoice.h(82): warning C4244: '=': conversion from 'float' to 'int', possible loss of data (compiling source file ..\..\Source\PluginEditor.cpp)
c:\users\j\documents\dev\juce\projects\dualoscsynth\source\SynthVoice.h(101): warning C4244: '=': conversion from 'float' to 'int', possible loss of data (compiling source file ..\..\Source\Oscillator.cpp)
c:\users\j\documents\dev\juce\projects\dualoscsynth\source\SynthVoice.h(101): warning C4244: '=': conversion from 'float' to 'int', possible loss of data (compiling source file ..\..\Source\PluginEditor.cpp)
c:\users\j\documents\dev\juce\projects\dualoscsynth\source\SynthVoice.h(105): warning C4244: '=': conversion from 'float' to 'int', possible loss of data (compiling source file ..\..\Source\Oscillator.cpp)
c:\users\j\documents\dev\juce\projects\dualoscsynth\source\SynthVoice.h(105): warning C4244: '=': conversion from 'float' to 'int', possible loss of data (compiling source file ..\..\Source\PluginEditor.cpp)
c:\users\j\documents\dev\juce\projects\dualoscsynth\source\SynthVoice.h(131): warning C4244: '=': conversion from 'double' to 'float', possible loss of data (compiling source file ..\..\Source\Oscillator.cpp)
c:\users\j\documents\dev\juce\projects\dualoscsynth\source\SynthVoice.h(131): warning C4244: '=': conversion from 'double' to 'float', possible loss of data (compiling source file ..\..\Source\PluginEditor.cpp)
c:\users\j\documents\dev\juce\projects\dualoscsynth\source\SynthVoice.h(132): warning C4244: '=': conversion from 'double' to 'float', possible loss of data (compiling source file ..\..\Source\Oscillator.cpp)
c:\users\j\documents\dev\juce\projects\dualoscsynth\source\SynthVoice.h(132): warning C4244: '=': conversion from 'double' to 'float', possible loss of data (compiling source file ..\..\Source\PluginEditor.cpp)
c:\users\j\documents\dev\juce\projects\dualoscsynth\source\SynthVoice.h(133): warning C4244: '=': conversion from 'double' to 'float', possible loss of data (compiling source file ..\..\Source\Oscillator.cpp)
c:\users\j\documents\dev\juce\projects\dualoscsynth\source\SynthVoice.h(133): warning C4244: '=': conversion from 'double' to 'float', possible loss of data (compiling source file ..\..\Source\PluginEditor.cpp)
c:\users\j\documents\dev\juce\projects\dualoscsynth\source\SynthVoice.h(134): warning C4244: '=': conversion from 'double' to 'float', possible loss of data (compiling source file ..\..\Source\Oscillator.cpp)
c:\users\j\documents\dev\juce\projects\dualoscsynth\source\SynthVoice.h(134): warning C4244: '=': conversion from 'double' to 'float', possible loss of data (compiling source file ..\..\Source\PluginEditor.cpp)
c:\users\j\documents\dev\juce\projects\dualoscsynth\source\SynthVoice.h(137): warning C4244: '=': conversion from 'double' to 'float', possible loss of data (compiling source file ..\..\Source\Oscillator.cpp)
c:\users\j\documents\dev\juce\projects\dualoscsynth\source\SynthVoice.h(137): warning C4244: '=': conversion from 'double' to 'float', possible loss of data (compiling source file ..\..\Source\PluginEditor.cpp)
c:\users\j\documents\dev\juce\projects\dualoscsynth\source\SynthVoice.h(138): warning C4244: '=': conversion from 'double' to 'float', possible loss of data (compiling source file ..\..\Source\Oscillator.cpp)
c:\users\j\documents\dev\juce\projects\dualoscsynth\source\SynthVoice.h(138): warning C4244: '=': conversion from 'double' to 'float', possible loss of data (compiling source file ..\..\Source\PluginEditor.cpp)
c:\users\j\documents\dev\juce\projects\dualoscsynth\source\SynthVoice.h(228): warning C4244: 'argument': conversion from 'float' to 'int', possible loss of data (compiling source file ..\..\Source\Oscillator.cpp)
c:\users\j\documents\dev\juce\projects\dualoscsynth\source\SynthVoice.h(224): warning C4100: 'currentPitchWheelPosition': unreferenced formal parameter (compiling source file ..\..\Source\Oscillator.cpp)
c:\users\j\documents\dev\juce\projects\dualoscsynth\source\SynthVoice.h(224): warning C4100: 'sound': unreferenced formal parameter (compiling source file ..\..\Source\Oscillator.cpp)
c:\users\j\documents\dev\juce\projects\dualoscsynth\source\SynthVoice.h(224): warning C4100: 'velocity': unreferenced formal parameter (compiling source file ..\..\Source\Oscillator.cpp)
c:\users\j\documents\dev\juce\projects\dualoscsynth\source\SynthVoice.h(228): warning C4244: 'argument': conversion from 'float' to 'int', possible loss of data (compiling source file ..\..\Source\PluginEditor.cpp)
c:\users\j\documents\dev\juce\projects\dualoscsynth\source\SynthVoice.h(246): warning C4100: 'newPitchWheelValue': unreferenced formal parameter (compiling source file ..\..\Source\Oscillator.cpp)
c:\users\j\documents\dev\juce\projects\dualoscsynth\source\SynthVoice.h(253): warning C4100: 'newControllerValue': unreferenced formal parameter (compiling source file ..\..\Source\Oscillator.cpp)
c:\users\j\documents\dev\juce\projects\dualoscsynth\source\SynthVoice.h(224): warning C4100: 'currentPitchWheelPosition': unreferenced formal parameter (compiling source file ..\..\Source\PluginEditor.cpp)
c:\users\j\documents\dev\juce\projects\dualoscsynth\source\SynthVoice.h(253): warning C4100: 'controllerNumber': unreferenced formal parameter (compiling source file ..\..\Source\Oscillator.cpp)
c:\users\j\documents\dev\juce\projects\dualoscsynth\source\SynthVoice.h(224): warning C4100: 'sound': unreferenced formal parameter (compiling source file ..\..\Source\PluginEditor.cpp)
c:\users\j\documents\dev\juce\projects\dualoscsynth\source\SynthVoice.h(269): warning C4244: 'argument': conversion from 'double' to 'float', possible loss of data (compiling source file ..\..\Source\Oscillator.cpp)
c:\users\j\documents\dev\juce\projects\dualoscsynth\source\SynthVoice.h(224): warning C4100: 'velocity': unreferenced formal parameter (compiling source file ..\..\Source\PluginEditor.cpp)
c:\users\j\documents\dev\juce\projects\dualoscsynth\source\SynthVoice.h(246): warning C4100: 'newPitchWheelValue': unreferenced formal parameter (compiling source file ..\..\Source\PluginEditor.cpp)
c:\users\j\documents\dev\juce\projects\dualoscsynth\source\SynthVoice.h(253): warning C4100: 'newControllerValue': unreferenced formal parameter (compiling source file ..\..\Source\PluginEditor.cpp)
c:\users\j\documents\dev\juce\projects\dualoscsynth\source\SynthVoice.h(253): warning C4100: 'controllerNumber': unreferenced formal parameter (compiling source file ..\..\Source\PluginEditor.cpp)
c:\users\j\documents\dev\juce\projects\dualoscsynth\source\SynthVoice.h(269): warning C4244: 'argument': conversion from 'double' to 'float', possible loss of data (compiling source file ..\..\Source\PluginEditor.cpp)
..\..\Source\PluginEditor.cpp(59): warning C4100: 'source': unreferenced formal parameter
..\..\Source\PluginEditor.cpp(66): warning C4100: 'source': unreferenced formal parameter
c:\users\j\documents\dev\juce\projects\dualoscsynth\source\SynthSound.h(19): warning C4100: 'midiNoteNumber': unreferenced formal parameter (compiling source file ..\..\Source\PluginProcessor.cpp)
c:\users\j\documents\dev\juce\projects\dualoscsynth\source\SynthSound.h(25): warning C4100: 'midiChannel': unreferenced formal parameter (compiling source file ..\..\Source\PluginProcessor.cpp)
c:\users\j\documents\dev\juce\projects\dualoscsynth\source\SynthVoice.h(72): warning C4244: '=': conversion from 'float' to 'int', possible loss of data (compiling source file ..\..\Source\PluginProcessor.cpp)
c:\users\j\documents\dev\juce\projects\dualoscsynth\source\SynthVoice.h(73): warning C4244: '=': conversion from 'float' to 'int', possible loss of data (compiling source file ..\..\Source\PluginProcessor.cpp)
c:\users\j\documents\dev\juce\projects\dualoscsynth\source\SynthVoice.h(81): warning C4244: '=': conversion from 'float' to 'int', possible loss of data (compiling source file ..\..\Source\PluginProcessor.cpp)
c:\users\j\documents\dev\juce\projects\dualoscsynth\source\SynthVoice.h(82): warning C4244: '=': conversion from 'float' to 'int', possible loss of data (compiling source file ..\..\Source\PluginProcessor.cpp)
c:\users\j\documents\dev\juce\projects\dualoscsynth\source\SynthVoice.h(101): warning C4244: '=': conversion from 'float' to 'int', possible loss of data (compiling source file ..\..\Source\PluginProcessor.cpp)
c:\users\j\documents\dev\juce\projects\dualoscsynth\source\SynthVoice.h(105): warning C4244: '=': conversion from 'float' to 'int', possible loss of data (compiling source file ..\..\Source\PluginProcessor.cpp)
c:\users\j\documents\dev\juce\projects\dualoscsynth\source\SynthVoice.h(131): warning C4244: '=': conversion from 'double' to 'float', possible loss of data (compiling source file ..\..\Source\PluginProcessor.cpp)
c:\users\j\documents\dev\juce\projects\dualoscsynth\source\SynthVoice.h(132): warning C4244: '=': conversion from 'double' to 'float', possible loss of data (compiling source file ..\..\Source\PluginProcessor.cpp)
c:\users\j\documents\dev\juce\projects\dualoscsynth\source\SynthVoice.h(133): warning C4244: '=': conversion from 'double' to 'float', possible loss of data (compiling source file ..\..\Source\PluginProcessor.cpp)
c:\users\j\documents\dev\juce\projects\dualoscsynth\source\SynthVoice.h(134): warning C4244: '=': conversion from 'double' to 'float', possible loss of data (compiling source file ..\..\Source\PluginProcessor.cpp)
c:\users\j\documents\dev\juce\projects\dualoscsynth\source\SynthVoice.h(137): warning C4244: '=': conversion from 'double' to 'float', possible loss of data (compiling source file ..\..\Source\PluginProcessor.cpp)
c:\users\j\documents\dev\juce\projects\dualoscsynth\source\SynthVoice.h(138): warning C4244: '=': conversion from 'double' to 'float', possible loss of data (compiling source file ..\..\Source\PluginProcessor.cpp)
c:\users\j\documents\dev\juce\projects\dualoscsynth\source\SynthVoice.h(228): warning C4244: 'argument': conversion from 'float' to 'int', possible loss of data (compiling source file ..\..\Source\PluginProcessor.cpp)
c:\users\j\documents\dev\juce\projects\dualoscsynth\source\SynthVoice.h(224): warning C4100: 'currentPitchWheelPosition': unreferenced formal parameter (compiling source file ..\..\Source\PluginProcessor.cpp)
c:\users\j\documents\dev\juce\projects\dualoscsynth\source\SynthVoice.h(224): warning C4100: 'sound': unreferenced formal parameter (compiling source file ..\..\Source\PluginProcessor.cpp)
c:\users\j\documents\dev\juce\projects\dualoscsynth\source\SynthVoice.h(224): warning C4100: 'velocity': unreferenced formal parameter (compiling source file ..\..\Source\PluginProcessor.cpp)
c:\users\j\documents\dev\juce\projects\dualoscsynth\source\SynthVoice.h(246): warning C4100: 'newPitchWheelValue': unreferenced formal parameter (compiling source file ..\..\Source\PluginProcessor.cpp)
c:\users\j\documents\dev\juce\projects\dualoscsynth\source\SynthVoice.h(253): warning C4100: 'newControllerValue': unreferenced formal parameter (compiling source file ..\..\Source\PluginProcessor.cpp)
c:\users\j\documents\dev\juce\projects\dualoscsynth\source\SynthVoice.h(253): warning C4100: 'controllerNumber': unreferenced formal parameter (compiling source file ..\..\Source\PluginProcessor.cpp)
c:\users\j\documents\dev\juce\projects\dualoscsynth\source\SynthVoice.h(269): warning C4244: 'argument': conversion from 'double' to 'float', possible loss of data (compiling source file ..\..\Source\PluginProcessor.cpp)
..\..\Source\PluginProcessor.cpp(96): warning C4100: 'index': unreferenced formal parameter
..\..\Source\PluginProcessor.cpp(100): warning C4100: 'index': unreferenced formal parameter
..\..\Source\PluginProcessor.cpp(105): warning C4100: 'newName': unreferenced formal parameter
..\..\Source\PluginProcessor.cpp(105): warning C4100: 'index': unreferenced formal parameter
..\..\Source\PluginProcessor.cpp(187): warning C4100: 'destData': unreferenced formal parameter
..\..\Source\PluginProcessor.cpp(194): warning C4100: 'sizeInBytes': unreferenced formal parameter
..\..\Source\PluginProcessor.cpp(194): warning C4100: 'data': unreferenced formal parameter
c:\users\j\documents\dev\juce\projects\dualoscsynth\source\pluginprocessor.cpp(159): warning C4706: assignment within conditional expression
c:\users\j\documents\dev\juce\projects\dualoscsynth\source\synthvoice.h(240): warning C4706: assignment within conditional expression
  DualOscSynth_SharedCode.vcxproj -> C:\Users\J\Documents\dev\juce\projects\DualOscSynth\Builds\VisualStudio2015\x64\Debug\Shared Code\DualOscSynth.lib
